<?xml version="1.0" encoding="UTF-8"?>
<testng-results total="5" passed="2" failed="0" skipped="3">
  <reporter-output>
  </reporter-output>
  <suite started-at="2024-04-08T08:48:13Z" name="softwaretestingmaterial" finished-at="2024-04-08T08:50:24Z" duration-ms="130670">
    <groups>
    </groups>
    <test started-at="2024-04-08T08:48:13Z" name="testngTest1" finished-at="2024-04-08T08:48:22Z" duration-ms="8676">
      <class name="com.CRM.qa.Testcases.Sample1">
        <test-method signature="cheomeTest1()[pri:0, instance:com.CRM.qa.Testcases.Sample1@1534f01b]" started-at="2024-04-08T14:18:13Z" name="cheomeTest1" finished-at="2024-04-08T14:18:22Z" duration-ms="8658" status="PASS">
          <reporter-output>
          </reporter-output>
        </test-method> <!-- cheomeTest1 -->
      </class> <!-- com.CRM.qa.Testcases.Sample1 -->
    </test> <!-- testngTest1 -->
    <test started-at="2024-04-08T08:48:13Z" name="testngTest" finished-at="2024-04-08T08:50:24Z" duration-ms="130670">
      <class name="com.CRM.qa.Testcases.Sample">
        <test-method signature="cheomeTest()[pri:0, instance:com.CRM.qa.Testcases.Sample@78aab498]" started-at="2024-04-08T14:18:13Z" name="cheomeTest" finished-at="2024-04-08T14:18:26Z" duration-ms="12639" status="PASS">
          <reporter-output>
          </reporter-output>
        </test-method> <!-- cheomeTest -->
      </class> <!-- com.CRM.qa.Testcases.Sample -->
      <class name="com.CRM.qa.Testcases.ContactsPageTest">
        <test-method is-config="true" signature="initialization()[pri:0, instance:com.CRM.qa.Testcases.ContactsPageTest@5dd6264]" started-at="2024-04-08T14:18:13Z" name="initialization" finished-at="2024-04-08T14:18:13Z" duration-ms="0" status="FAIL">
          <exception class="org.openqa.selenium.WebDriverException">
            <message>
              <![CDATA[unknown error: net::ERR_CONNECTION_TIMED_OUT
  (Session info: chrome=123.0.6312.106)
Build info: version: '4.14.1', revision: '03f8ede370'
System info: os.name: 'Windows 11', os.arch: 'amd64', os.version: '10.0', java.version: '21'
Driver info: org.openqa.selenium.chrome.ChromeDriver
Command: [7934da4dabcb59ff34225f2880ea3e9f, get {url=https://freecrm.com/}]
Capabilities {acceptInsecureCerts: false, browserName: chrome, browserVersion: 123.0.6312.106, chrome: {chromedriverVersion: 122.0.6261.94 (880dbf29479c..., userDataDir: C:\Users\SAIPRA~1\AppData\L...}, fedcm:accounts: true, goog:chromeOptions: {debuggerAddress: localhost:57183}, networkConnectionEnabled: false, pageLoadStrategy: normal, platformName: windows, proxy: Proxy(), se:cdp: ws://localhost:57183/devtoo..., se:cdpVersion: 123.0.6312.106, setWindowRect: true, strictFileInteractability: false, timeouts: {implicit: 0, pageLoad: 300000, script: 30000}, unhandledPromptBehavior: dismiss and notify, webauthn:extension:credBlob: true, webauthn:extension:largeBlob: true, webauthn:extension:minPinLength: true, webauthn:extension:prf: true, webauthn:virtualAuthenticators: true}
Session ID: 7934da4dabcb59ff34225f2880ea3e9f]]>
            </message>
            <full-stacktrace>
              <![CDATA[org.openqa.selenium.WebDriverException: unknown error: net::ERR_CONNECTION_TIMED_OUT
  (Session info: chrome=123.0.6312.106)
Build info: version: '4.14.1', revision: '03f8ede370'
System info: os.name: 'Windows 11', os.arch: 'amd64', os.version: '10.0', java.version: '21'
Driver info: org.openqa.selenium.chrome.ChromeDriver
Command: [7934da4dabcb59ff34225f2880ea3e9f, get {url=https://freecrm.com/}]
Capabilities {acceptInsecureCerts: false, browserName: chrome, browserVersion: 123.0.6312.106, chrome: {chromedriverVersion: 122.0.6261.94 (880dbf29479c..., userDataDir: C:\Users\SAIPRA~1\AppData\L...}, fedcm:accounts: true, goog:chromeOptions: {debuggerAddress: localhost:57183}, networkConnectionEnabled: false, pageLoadStrategy: normal, platformName: windows, proxy: Proxy(), se:cdp: ws://localhost:57183/devtoo..., se:cdpVersion: 123.0.6312.106, setWindowRect: true, strictFileInteractability: false, timeouts: {implicit: 0, pageLoad: 300000, script: 30000}, unhandledPromptBehavior: dismiss and notify, webauthn:extension:credBlob: true, webauthn:extension:largeBlob: true, webauthn:extension:minPinLength: true, webauthn:extension:prf: true, webauthn:virtualAuthenticators: true}
Session ID: 7934da4dabcb59ff34225f2880ea3e9f
	at java.base/jdk.internal.reflect.DirectConstructorHandleAccessor.newInstance(DirectConstructorHandleAccessor.java:62)
	at java.base/java.lang.reflect.Constructor.newInstanceWithCaller(Constructor.java:502)
	at java.base/java.lang.reflect.Constructor.newInstance(Constructor.java:486)
	at org.openqa.selenium.remote.codec.w3c.W3CHttpResponseCodec.createException(W3CHttpResponseCodec.java:200)
	at org.openqa.selenium.remote.codec.w3c.W3CHttpResponseCodec.decode(W3CHttpResponseCodec.java:133)
	at org.openqa.selenium.remote.codec.w3c.W3CHttpResponseCodec.decode(W3CHttpResponseCodec.java:52)
	at org.openqa.selenium.remote.HttpCommandExecutor.execute(HttpCommandExecutor.java:191)
	at org.openqa.selenium.remote.service.DriverCommandExecutor.invokeExecute(DriverCommandExecutor.java:200)
	at org.openqa.selenium.remote.service.DriverCommandExecutor.execute(DriverCommandExecutor.java:175)
	at org.openqa.selenium.remote.RemoteWebDriver.execute(RemoteWebDriver.java:602)
	at org.openqa.selenium.remote.RemoteWebDriver.get(RemoteWebDriver.java:304)
	at java.base/jdk.internal.reflect.DirectMethodHandleAccessor.invoke(DirectMethodHandleAccessor.java:103)
	at java.base/java.lang.reflect.Method.invoke(Method.java:580)
	at org.openqa.selenium.support.events.EventFiringWebDriver.lambda$new$1(EventFiringWebDriver.java:107)
	at jdk.proxy2/jdk.proxy2.$Proxy9.get(Unknown Source)
	at org.openqa.selenium.support.events.EventFiringWebDriver.get(EventFiringWebDriver.java:165)
	at com.CRM.qa.BaseClass.TestBase.initialization(TestBase.java:54)
	at java.base/jdk.internal.reflect.DirectMethodHandleAccessor.invoke(DirectMethodHandleAccessor.java:103)
	at java.base/java.lang.reflect.Method.invoke(Method.java:580)
	at org.testng.internal.MethodInvocationHelper.invokeMethod(MethodInvocationHelper.java:86)
	at org.testng.internal.Invoker.invokeConfigurationMethod(Invoker.java:514)
	at org.testng.internal.Invoker.invokeConfigurations(Invoker.java:215)
	at org.testng.internal.Invoker.invokeMethod(Invoker.java:589)
	at org.testng.internal.Invoker.invokeTestMethod(Invoker.java:820)
	at org.testng.internal.Invoker.invokeTestMethods(Invoker.java:1128)
	at org.testng.internal.TestMethodWorker.invokeTestMethods(TestMethodWorker.java:129)
	at org.testng.internal.TestMethodWorker.run(TestMethodWorker.java:112)
	at java.base/java.util.concurrent.ThreadPoolExecutor.runWorker(ThreadPoolExecutor.java:1144)
	at java.base/java.util.concurrent.ThreadPoolExecutor$Worker.run(ThreadPoolExecutor.java:642)
	at java.base/java.lang.Thread.run(Thread.java:1583)
]]>
            </full-stacktrace>
          </exception> <!-- org.openqa.selenium.WebDriverException -->
          <reporter-output>
          </reporter-output>
        </test-method> <!-- initialization -->
        <test-method signature="createNewUserOnContactsPageTest()[pri:0, instance:com.CRM.qa.Testcases.ContactsPageTest@5dd6264]" started-at="2024-04-08T14:20:24Z" name="createNewUserOnContactsPageTest" finished-at="2024-04-08T14:20:24Z" duration-ms="5" status="SKIP">
          <reporter-output>
          </reporter-output>
        </test-method> <!-- createNewUserOnContactsPageTest -->
        <test-method signature="selectingCheckBoxesOnContactsPageTest()[pri:0, instance:com.CRM.qa.Testcases.ContactsPageTest@5dd6264]" started-at="2024-04-08T14:20:24Z" name="selectingCheckBoxesOnContactsPageTest" finished-at="2024-04-08T14:20:24Z" duration-ms="1" status="SKIP">
          <reporter-output>
          </reporter-output>
        </test-method> <!-- selectingCheckBoxesOnContactsPageTest -->
        <test-method is-config="true" signature="initialization()[pri:0, instance:com.CRM.qa.Testcases.ContactsPageTest@5dd6264]" started-at="2024-04-08T14:20:24Z" name="initialization" finished-at="2024-04-08T14:20:24Z" duration-ms="0" status="SKIP">
          <reporter-output>
          </reporter-output>
        </test-method> <!-- initialization -->
        <test-method is-config="true" signature="initialization()[pri:0, instance:com.CRM.qa.Testcases.ContactsPageTest@5dd6264]" started-at="2024-04-08T14:20:24Z" name="initialization" finished-at="2024-04-08T14:20:24Z" duration-ms="0" status="SKIP">
          <reporter-output>
          </reporter-output>
        </test-method> <!-- initialization -->
        <test-method signature="verifyingActionsOnContactsPageTest()[pri:0, instance:com.CRM.qa.Testcases.ContactsPageTest@5dd6264]" started-at="2024-04-08T14:20:24Z" name="verifyingActionsOnContactsPageTest" finished-at="2024-04-08T14:20:24Z" duration-ms="1" status="SKIP">
          <reporter-output>
          </reporter-output>
        </test-method> <!-- verifyingActionsOnContactsPageTest -->
      </class> <!-- com.CRM.qa.Testcases.ContactsPageTest -->
    </test> <!-- testngTest -->
  </suite> <!-- softwaretestingmaterial -->
</testng-results>
