<?xml version="1.0" encoding="UTF-8"?>
<!-- Generated by org.testng.reporters.JUnitXMLReporter -->
<testsuite hostname="LAPTOP-CD3D46K5" failures="0" tests="4" name="Test" time="19.89" errors="0" timestamp="7 Apr 2024 13:34:24 GMT">
  <testcase classname="com.CRM.qa.Testcases.Sample" name="cheomeTest" time="7.413"/>
  <testcase classname="com.CRM.qa.Testcases.Sample1" name="cheomeTest1" time="4.847"/>
  <testcase classname="com.CRM.qa.Testcases.Sample" name="edge" time="5.925"/>
  <testcase classname="com.CRM.qa.Testcases.Sample1" name="edge1" time="1.684"/>
</testsuite> <!-- Test -->
