<?xml version="1.0" encoding="UTF-8"?>
<testng-results ignored="0" total="1" passed="1" failed="0" skipped="0">
  <reporter-output>
  </reporter-output>
  <suite started-at="2024-05-15T14:55:37 IST" name="Default suite" finished-at="2024-05-15T14:55:39 IST" duration-ms="2732">
    <groups>
    </groups>
    <test started-at="2024-05-15T14:55:37 IST" name="Default test" finished-at="2024-05-15T14:55:39 IST" duration-ms="2732">
      <class name="restassuredBddimplementation.HTTPMethodsImplementation">
        <test-method signature="Post()[pri:0, instance:restassuredBddimplementation.HTTPMethodsImplementation@39529185]" started-at="2024-05-15T14:55:37 IST" name="Post" finished-at="2024-05-15T14:55:39 IST" duration-ms="2694" status="PASS">
          <reporter-output>
          </reporter-output>
        </test-method> <!-- Post -->
      </class> <!-- restassuredBddimplementation.HTTPMethodsImplementation -->
    </test> <!-- Default test -->
  </suite> <!-- Default suite -->
</testng-results>
